*** Starting uWSGI 1.3 (64bit) on [Thu Apr  4 08:39:22 2013] ***
compiled with version: 4.6.3 on 01 October 2012 13:56:32
os: Linux-3.2.0-29-virtual #46-Ubuntu SMP Fri Jul 27 17:23:50 UTC 2012
nodename: ip-10-252-8-215
machine: x86_64
clock source: unix
detected number of CPU cores: 1
current working directory: /home/ubuntu/pro/vzi/vzi
detected binary path: /usr/local/bin/uwsgi
uWSGI running as root, you can use --uid/--gid/--chroot options
*** WARNING: you are running uWSGI as root !!! (use the --uid flag) *** 
*** WARNING: you are running uWSGI without its master process manager ***
your processes number limit is 4596
your memory page size is 4096 bytes
detected max file descriptor number: 1024
lock engine: pthread robust mutexes
uwsgi socket 0 bound to TCP address 127.0.0.1:3031 fd 3
Python version: 2.7.3 (default, Aug  1 2012, 05:25:23)  [GCC 4.6.3]
*** Python threads support is disabled. You can enable it with --enable-threads ***
Python main interpreter initialized at 0x2336da0
your server socket listen backlog is limited to 100 connections
mapped 144704 bytes (141 KB) for 2 cores
*** Operational MODE: preforking ***
2013-04-04 08:39:22,446 INFO sqlalchemy.engine.base.Engine SELECT DATABASE()
2013-04-04 08:39:22,446 INFO sqlalchemy.engine.base.Engine ()
2013-04-04 08:39:22,450 INFO sqlalchemy.engine.base.Engine SHOW VARIABLES LIKE 'character_set%%'
2013-04-04 08:39:22,450 INFO sqlalchemy.engine.base.Engine ()
2013-04-04 08:39:22,451 INFO sqlalchemy.engine.base.Engine SHOW VARIABLES LIKE 'lower_case_table_names'
2013-04-04 08:39:22,452 INFO sqlalchemy.engine.base.Engine ()
2013-04-04 08:39:22,453 INFO sqlalchemy.engine.base.Engine SHOW COLLATION
2013-04-04 08:39:22,453 INFO sqlalchemy.engine.base.Engine ()
2013-04-04 08:39:22,473 INFO sqlalchemy.engine.base.Engine SHOW VARIABLES LIKE 'sql_mode'
2013-04-04 08:39:22,473 INFO sqlalchemy.engine.base.Engine ()
2013-04-04 08:39:22,475 INFO sqlalchemy.engine.base.Engine DESCRIBE `sys_list`
2013-04-04 08:39:22,475 INFO sqlalchemy.engine.base.Engine ()
2013-04-04 08:39:22,476 INFO sqlalchemy.engine.base.Engine DESCRIBE `lines_list`
2013-04-04 08:39:22,476 INFO sqlalchemy.engine.base.Engine ()
2013-04-04 08:39:22,478 INFO sqlalchemy.engine.base.Engine DESCRIBE `movie_list`
2013-04-04 08:39:22,478 INFO sqlalchemy.engine.base.Engine ()
2013-04-04 08:39:22,479 INFO sqlalchemy.engine.base.Engine DESCRIBE `user_list`
2013-04-04 08:39:22,479 INFO sqlalchemy.engine.base.Engine ()
WSGI app 0 (mountpoint='') ready in 0 seconds on interpreter 0x2336da0 pid: 14880 (default app)
*** uWSGI is running in multiple interpreter mode ***
spawned uWSGI worker 1 (pid: 14880, cores: 1)
spawned uWSGI worker 2 (pid: 14886, cores: 1)
[pid: 14880|app: 0|req: 1/1] 118.195.65.85 () {42 vars in 1308 bytes} [Thu Apr  4 08:39:30 2013] GET /images => generated 238 bytes in 21 msecs (HTTP/1.1 404) 2 headers in 72 bytes (1 switches on core 0)
[pid: 14886|app: 0|req: 1/2] 118.195.65.85 () {38 vars in 620 bytes} [Thu Apr  4 08:39:30 2013] GET /favicon.ico => generated 238 bytes in 16 msecs (HTTP/1.1 404) 2 headers in 72 bytes (1 switches on core 0)
[pid: 14880|app: 0|req: 2/3] 118.195.65.85 () {38 vars in 620 bytes} [Thu Apr  4 08:39:31 2013] GET /favicon.ico => generated 238 bytes in 1 msecs (HTTP/1.1 404) 2 headers in 72 bytes (1 switches on core 0)
2013-04-04 08:39:32,916 INFO sqlalchemy.engine.base.Engine BEGIN (implicit)
2013-04-04 08:39:32,919 INFO sqlalchemy.engine.base.Engine SELECT movie_list.id AS movie_list_id, movie_list.title AS movie_list_title, movie_list.alt_title AS movie_list_alt_title, movie_list.image AS movie_list_image, movie_list.alt AS movie_list_alt, movie_list.summary AS movie_list_summary, movie_list.source_data AS movie_list_source_data, movie_list.back AS movie_list_back, lines_list.id AS lines_list_id, lines_list.name AS lines_list_name, lines_list.avatar AS lines_list_avatar, lines_list.crt_time AS lines_list_crt_time, lines_list.content AS lines_list_content, lines_list.movie_id AS lines_list_movie_id, lines_list.cut AS lines_list_cut 
FROM movie_list, lines_list 
WHERE movie_list.id = lines_list.movie_id ORDER BY rand() 
 LIMIT %s
2013-04-04 08:39:32,919 INFO sqlalchemy.engine.base.Engine (1,)
[pid: 14880|app: 0|req: 3/4] 118.195.65.85 () {40 vars in 1265 bytes} [Thu Apr  4 08:39:32 2013] GET / => generated 5561 bytes in 39 msecs (HTTP/1.1 200) 2 headers in 81 bytes (1 switches on core 0)
[pid: 14886|app: 0|req: 2/5] 118.195.65.85 () {42 vars in 1284 bytes} [Thu Apr  4 08:39:33 2013] GET /static/img/shadow.png => generated 238 bytes in 2 msecs (HTTP/1.1 404) 2 headers in 72 bytes (1 switches on core 0)
[pid: 14886|app: 0|req: 3/6] 118.195.65.85 () {42 vars in 1286 bytes} [Thu Apr  4 08:39:33 2013] GET /static/img/bg_item.png => generated 238 bytes in 1 msecs (HTTP/1.1 404) 2 headers in 72 bytes (1 switches on core 0)
[pid: 14880|app: 0|req: 4/7] 118.195.65.85 () {38 vars in 620 bytes} [Thu Apr  4 08:39:33 2013] GET /favicon.ico => generated 238 bytes in 1 msecs (HTTP/1.1 404) 2 headers in 72 bytes (1 switches on core 0)
[pid: 14886|app: 0|req: 4/8] 140.207.54.139 () {36 vars in 534 bytes} [Thu Apr  4 08:39:34 2013] HEAD / => generated 0 bytes in 1 msecs (HTTP/1.1 302) 3 headers in 121 bytes (0 switches on core 0)
*** Starting uWSGI 1.3 (64bit) on [Thu Apr  4 08:39:42 2013] ***
compiled with version: 4.6.3 on 01 October 2012 13:56:32
os: Linux-3.2.0-29-virtual #46-Ubuntu SMP Fri Jul 27 17:23:50 UTC 2012
nodename: ip-10-252-8-215
machine: x86_64
clock source: unix
detected number of CPU cores: 1
current working directory: /home/ubuntu/pro/vzi/vzi
detected binary path: /usr/local/bin/uwsgi
uWSGI running as root, you can use --uid/--gid/--chroot options
*** WARNING: you are running uWSGI as root !!! (use the --uid flag) *** 
*** WARNING: you are running uWSGI without its master process manager ***
your processes number limit is 4596
your memory page size is 4096 bytes
detected max file descriptor number: 1024
lock engine: pthread robust mutexes
uwsgi socket 0 bound to TCP address 127.0.0.1:3031 fd 3
Python version: 2.7.3 (default, Aug  1 2012, 05:25:23)  [GCC 4.6.3]
*** Python threads support is disabled. You can enable it with --enable-threads ***
Python main interpreter initialized at 0x1f32da0
your server socket listen backlog is limited to 100 connections
mapped 144704 bytes (141 KB) for 2 cores
*** Operational MODE: preforking ***
2013-04-04 08:39:42,571 INFO sqlalchemy.engine.base.Engine SELECT DATABASE()
2013-04-04 08:39:42,572 INFO sqlalchemy.engine.base.Engine ()
2013-04-04 08:39:42,576 INFO sqlalchemy.engine.base.Engine SHOW VARIABLES LIKE 'character_set%%'
2013-04-04 08:39:42,576 INFO sqlalchemy.engine.base.Engine ()
2013-04-04 08:39:42,577 INFO sqlalchemy.engine.base.Engine SHOW VARIABLES LIKE 'lower_case_table_names'
2013-04-04 08:39:42,577 INFO sqlalchemy.engine.base.Engine ()
2013-04-04 08:39:42,578 INFO sqlalchemy.engine.base.Engine SHOW COLLATION
2013-04-04 08:39:42,578 INFO sqlalchemy.engine.base.Engine ()
2013-04-04 08:39:42,589 INFO sqlalchemy.engine.base.Engine SHOW VARIABLES LIKE 'sql_mode'
2013-04-04 08:39:42,589 INFO sqlalchemy.engine.base.Engine ()
2013-04-04 08:39:42,591 INFO sqlalchemy.engine.base.Engine DESCRIBE `sys_list`
2013-04-04 08:39:42,591 INFO sqlalchemy.engine.base.Engine ()
2013-04-04 08:39:42,592 INFO sqlalchemy.engine.base.Engine DESCRIBE `lines_list`
2013-04-04 08:39:42,592 INFO sqlalchemy.engine.base.Engine ()
2013-04-04 08:39:42,594 INFO sqlalchemy.engine.base.Engine DESCRIBE `movie_list`
2013-04-04 08:39:42,594 INFO sqlalchemy.engine.base.Engine ()
2013-04-04 08:39:42,595 INFO sqlalchemy.engine.base.Engine DESCRIBE `user_list`
2013-04-04 08:39:42,595 INFO sqlalchemy.engine.base.Engine ()
WSGI app 0 (mountpoint='') ready in 0 seconds on interpreter 0x1f32da0 pid: 14887 (default app)
*** uWSGI is running in multiple interpreter mode ***
spawned uWSGI worker 1 (pid: 14887, cores: 1)
spawned uWSGI worker 2 (pid: 14893, cores: 1)
